{"level":30,"time":1723719293807,"pid":134270,"hostname":"shezi-Latitude-7420","msg":"Controller Calling.."}
{"level":30,"time":1723719293808,"pid":134270,"hostname":"shezi-Latitude-7420","msg":"Email sent successfully"}
{"level":30,"time":1723719293809,"pid":134270,"hostname":"shezi-Latitude-7420","msg":"Preparing to send email"}
{"level":30,"time":1723719294259,"pid":134270,"hostname":"shezi-Latitude-7420","msg":"Controller Calling.."}
{"level":30,"time":1723719294261,"pid":134270,"hostname":"shezi-Latitude-7420","msg":"Email sent successfully"}
{"level":30,"time":1723719296296,"pid":134270,"hostname":"shezi-Latitude-7420","msg":"Message sent: <26f5c9e9-7805-cfbd-9d5a-4e0f55bb2a32@gmail.com>"}
{"level":30,"time":1723719296296,"pid":134270,"hostname":"shezi-Latitude-7420","msg":"Preview URL: false"}
{"level":30,"time":1723719296296,"pid":134270,"hostname":"shezi-Latitude-7420","msg":"Email sent successfully"}
{"level":30,"time":1723719296298,"pid":134270,"hostname":"shezi-Latitude-7420","msg":"Preparing to send email"}
{"level":30,"time":1723719299046,"pid":134270,"hostname":"shezi-Latitude-7420","msg":"Controller Calling.."}
{"level":30,"time":1723719299047,"pid":134270,"hostname":"shezi-Latitude-7420","msg":"Email sent successfully"}
{"level":30,"time":1723719299721,"pid":134270,"hostname":"shezi-Latitude-7420","msg":"Controller Calling.."}
{"level":30,"time":1723719299723,"pid":134270,"hostname":"shezi-Latitude-7420","msg":"Email sent successfully"}
{"level":30,"time":1723719299866,"pid":134270,"hostname":"shezi-Latitude-7420","msg":"Message sent: <2b6a02a0-9ad7-41ed-326d-3b96f014db32@gmail.com>"}
{"level":30,"time":1723719299866,"pid":134270,"hostname":"shezi-Latitude-7420","msg":"Preview URL: false"}
{"level":30,"time":1723719299867,"pid":134270,"hostname":"shezi-Latitude-7420","msg":"Email sent successfully"}
{"level":30,"time":1723719299868,"pid":134270,"hostname":"shezi-Latitude-7420","msg":"Preparing to send email"}
{"level":30,"time":1723719300419,"pid":134270,"hostname":"shezi-Latitude-7420","msg":"Controller Calling.."}
{"level":30,"time":1723719300420,"pid":134270,"hostname":"shezi-Latitude-7420","msg":"Email sent successfully"}
{"level":30,"time":1723719301120,"pid":134270,"hostname":"shezi-Latitude-7420","msg":"Controller Calling.."}
{"level":30,"time":1723719301121,"pid":134270,"hostname":"shezi-Latitude-7420","msg":"Email sent successfully"}
{"level":30,"time":1723719301828,"pid":134270,"hostname":"shezi-Latitude-7420","msg":"Controller Calling.."}
{"level":30,"time":1723719301828,"pid":134270,"hostname":"shezi-Latitude-7420","msg":"Email sent successfully"}
{"level":30,"time":1723719303121,"pid":134270,"hostname":"shezi-Latitude-7420","msg":"Message sent: <d55e5e80-1f86-9941-b56e-0c43ba0b9529@gmail.com>"}
{"level":30,"time":1723719303121,"pid":134270,"hostname":"shezi-Latitude-7420","msg":"Preview URL: false"}
{"level":30,"time":1723719303121,"pid":134270,"hostname":"shezi-Latitude-7420","msg":"Email sent successfully"}
{"level":30,"time":1723719303123,"pid":134270,"hostname":"shezi-Latitude-7420","msg":"Preparing to send email"}
{"level":30,"time":1723719306561,"pid":134270,"hostname":"shezi-Latitude-7420","msg":"Message sent: <9451befa-f148-c4c9-5da8-65e1d747d2e8@gmail.com>"}
{"level":30,"time":1723719306561,"pid":134270,"hostname":"shezi-Latitude-7420","msg":"Preview URL: false"}
{"level":30,"time":1723719306561,"pid":134270,"hostname":"shezi-Latitude-7420","msg":"Email sent successfully"}
{"level":30,"time":1723719306562,"pid":134270,"hostname":"shezi-Latitude-7420","msg":"Preparing to send email"}
{"level":30,"time":1723719310231,"pid":134270,"hostname":"shezi-Latitude-7420","msg":"Message sent: <baeb6039-ecd0-8cdb-6a9d-199080857ed7@gmail.com>"}
{"level":30,"time":1723719310231,"pid":134270,"hostname":"shezi-Latitude-7420","msg":"Preview URL: false"}
{"level":30,"time":1723719310231,"pid":134270,"hostname":"shezi-Latitude-7420","msg":"Email sent successfully"}
{"level":30,"time":1723719310234,"pid":134270,"hostname":"shezi-Latitude-7420","msg":"Preparing to send email"}
{"level":30,"time":1723719313467,"pid":134270,"hostname":"shezi-Latitude-7420","msg":"Message sent: <05fbcc9f-b572-533c-213a-c6f47508f367@gmail.com>"}
{"level":30,"time":1723719313467,"pid":134270,"hostname":"shezi-Latitude-7420","msg":"Preview URL: false"}
{"level":30,"time":1723719313467,"pid":134270,"hostname":"shezi-Latitude-7420","msg":"Email sent successfully"}
{"level":30,"time":1723719313468,"pid":134270,"hostname":"shezi-Latitude-7420","msg":"Preparing to send email"}
{"level":30,"time":1723719316111,"pid":134270,"hostname":"shezi-Latitude-7420","msg":"Message sent: <418cdab8-4429-eab7-3374-c29ee707587c@gmail.com>"}
{"level":30,"time":1723719316111,"pid":134270,"hostname":"shezi-Latitude-7420","msg":"Preview URL: false"}
{"level":30,"time":1723719316111,"pid":134270,"hostname":"shezi-Latitude-7420","msg":"Email sent successfully"}
{"level":30,"time":1723719460668,"pid":136514,"hostname":"shezi-Latitude-7420","msg":"Server running on http://localhost:8000"}
{"level":30,"time":1723719463179,"pid":136681,"hostname":"shezi-Latitude-7420","msg":"Server running on http://localhost:8000"}
{"level":30,"time":1723719479099,"pid":136920,"hostname":"shezi-Latitude-7420","msg":"Server running on http://localhost:8000"}
{"level":30,"time":1723719526499,"pid":137540,"hostname":"shezi-Latitude-7420","msg":"Server running on http://localhost:8000"}
{"level":30,"time":1723719656608,"pid":139400,"hostname":"shezi-Latitude-7420","msg":"Server running on http://localhost:8000"}
{"level":30,"time":1723719658310,"pid":139400,"hostname":"shezi-Latitude-7420","msg":"Controller Calling.."}
{"level":30,"time":1723719658316,"pid":139400,"hostname":"shezi-Latitude-7420","msg":"Email sent successfully"}
{"level":30,"time":1723719658324,"pid":139400,"hostname":"shezi-Latitude-7420","msg":"Preparing to send email"}
{"level":30,"time":1723719660926,"pid":139400,"hostname":"shezi-Latitude-7420","msg":"Message sent: <f84b7d86-02f6-cb77-b8f8-8a9d095ef1bf@gmail.com>"}
{"level":30,"time":1723719660926,"pid":139400,"hostname":"shezi-Latitude-7420","msg":"Preview URL: false"}
{"level":30,"time":1723719660926,"pid":139400,"hostname":"shezi-Latitude-7420","msg":"Email sent successfully using main channel"}
{"level":30,"time":1723719677270,"pid":139771,"hostname":"shezi-Latitude-7420","msg":"Server running on http://localhost:8000"}
{"level":30,"time":1723719691969,"pid":139771,"hostname":"shezi-Latitude-7420","msg":"Controller Calling.."}
{"level":30,"time":1723719691974,"pid":139771,"hostname":"shezi-Latitude-7420","msg":"Email sent successfully"}
{"level":30,"time":1723719691979,"pid":139771,"hostname":"shezi-Latitude-7420","msg":"Preparing to send email"}
{"level":50,"time":1723719692994,"pid":139771,"hostname":"shezi-Latitude-7420","msg":"Error sending email with primary method:"}
{"level":30,"time":1723719692995,"pid":139771,"hostname":"shezi-Latitude-7420","msg":"Attempting to send email using fallback method"}
{"level":30,"time":1723719695997,"pid":139771,"hostname":"shezi-Latitude-7420","msg":"Fallback message sent: <27fd241e-461e-af98-5f66-2326ffca7110@gmail.com>"}
{"level":30,"time":1723719695998,"pid":139771,"hostname":"shezi-Latitude-7420","msg":"Fallback preview URL: https://ethereal.email/message/Zr3gDbz.uA-z1MUlZr3gDzT0NNnZyklKAAAAAXDfPkeFUW.PBxVc2gezAnw"}
{"level":30,"time":1723719695998,"pid":139771,"hostname":"shezi-Latitude-7420","msg":"Email sent successfully using second channel"}
{"level":30,"time":1723719958602,"pid":139771,"hostname":"shezi-Latitude-7420","msg":"Controller Calling.."}
{"level":30,"time":1723719958603,"pid":139771,"hostname":"shezi-Latitude-7420","msg":"Email sent successfully"}
{"level":30,"time":1723719958607,"pid":139771,"hostname":"shezi-Latitude-7420","msg":"Preparing to send email"}
{"level":50,"time":1723719960496,"pid":139771,"hostname":"shezi-Latitude-7420","msg":"Error sending email with primary method:"}
{"level":30,"time":1723719960498,"pid":139771,"hostname":"shezi-Latitude-7420","msg":"Attempting to send email using fallback method"}
{"level":30,"time":1723719963158,"pid":139771,"hostname":"shezi-Latitude-7420","msg":"Fallback message sent: <97dfad45-cefd-066b-2538-2eb5a57a5a19@gmail.com>"}
{"level":30,"time":1723719963158,"pid":139771,"hostname":"shezi-Latitude-7420","msg":"Fallback preview URL: https://ethereal.email/message/Zr3gDbz.uA-z1MUlZr3hG8Gk0kDvL-YjAAAAAtTRhorO2u1fIoWo0DEX58c"}
{"level":30,"time":1723719963158,"pid":139771,"hostname":"shezi-Latitude-7420","msg":"Email sent successfully using second channel"}
{"level":30,"time":1723719979272,"pid":142891,"hostname":"shezi-Latitude-7420","msg":"Server running on http://localhost:8000"}
{"level":30,"time":1723719980509,"pid":142891,"hostname":"shezi-Latitude-7420","msg":"Controller Calling.."}
{"level":30,"time":1723719980528,"pid":142891,"hostname":"shezi-Latitude-7420","msg":"Email sent successfully"}
{"level":30,"time":1723719980536,"pid":142891,"hostname":"shezi-Latitude-7420","msg":"Preparing to send email"}
{"level":30,"time":1723719984188,"pid":142891,"hostname":"shezi-Latitude-7420","msg":"Message sent: <6f1ba9bd-a1d3-7eda-78dc-b1802bd2cf7b@gmail.com>"}
{"level":30,"time":1723719984188,"pid":142891,"hostname":"shezi-Latitude-7420","msg":"Preview URL: false"}
{"level":30,"time":1723719984188,"pid":142891,"hostname":"shezi-Latitude-7420","msg":"Email sent successfully using main channel"}
{"level":30,"time":1723720393548,"pid":147760,"hostname":"shezi-Latitude-7420","msg":"Server running on http://localhost:8000"}
{"level":30,"time":1723720401220,"pid":147890,"hostname":"shezi-Latitude-7420","msg":"Server running on http://localhost:8000"}
{"level":30,"time":1723720787074,"pid":147890,"hostname":"shezi-Latitude-7420","msg":"Controller Calling.."}
{"level":30,"time":1723720787086,"pid":147890,"hostname":"shezi-Latitude-7420","msg":"Email sent successfully"}
{"level":30,"time":1723720787102,"pid":147890,"hostname":"shezi-Latitude-7420","msg":"Preparing to send email"}
{"level":30,"time":1723720789810,"pid":147890,"hostname":"shezi-Latitude-7420","msg":"Message sent: <6bee7178-4359-8b65-2216-e6ce45769091@gmail.com>"}
{"level":30,"time":1723720789810,"pid":147890,"hostname":"shezi-Latitude-7420","msg":"Preview URL: false"}
{"level":30,"time":1723720789810,"pid":147890,"hostname":"shezi-Latitude-7420","msg":"Email sent successfully using main channel"}
{"level":30,"time":1723720805635,"pid":154577,"hostname":"shezi-Latitude-7420","msg":"Server running on http://localhost:8000"}
{"level":30,"time":1723720807192,"pid":154577,"hostname":"shezi-Latitude-7420","msg":"Controller Calling.."}
{"level":30,"time":1723720807204,"pid":154577,"hostname":"shezi-Latitude-7420","msg":"Email sent successfully"}
{"level":30,"time":1723720807223,"pid":154577,"hostname":"shezi-Latitude-7420","msg":"Preparing to send email"}
{"level":50,"time":1723720809229,"pid":154577,"hostname":"shezi-Latitude-7420","msg":"Error sending email with primary method:"}
{"level":30,"time":1723720809231,"pid":154577,"hostname":"shezi-Latitude-7420","msg":"Attempting to send email using fallback method"}
{"level":30,"time":1723720817490,"pid":154577,"hostname":"shezi-Latitude-7420","msg":"Fallback message sent: <2e5e049b-0a2a-93ab-aac5-0491a2655225@gmail.com>"}
{"level":30,"time":1723720817491,"pid":154577,"hostname":"shezi-Latitude-7420","msg":"Fallback preview URL: https://ethereal.email/message/Zr3kabz.uA-z10TEZr3kcbEfOOXRBI7xAAAAAWuAxM-osN3BCow-gAm643A"}
{"level":30,"time":1723720817491,"pid":154577,"hostname":"shezi-Latitude-7420","msg":"Email sent successfully using second channel"}
{"level":30,"time":1723720829850,"pid":155019,"hostname":"shezi-Latitude-7420","msg":"Server running on http://localhost:8000"}
{"level":30,"time":1723721529316,"pid":162669,"hostname":"shezi-Latitude-7420","msg":"Server running on http://localhost:8000"}
